yarn run v1.22.22
$ next build
  ▲ Next.js 14.2.0

   Linting and checking validity of types ...
   Creating an optimized production build ...
 ✓ Compiled successfully
   Collecting page data ...
   Generating static pages (0/19) ...
   Generating static pages (4/19) 
   Generating static pages (9/19) 
   Generating static pages (14/19) 
 ✓ Generating static pages (19/19)
   Finalizing page optimization ...
   Collecting build traces ...

Route (pages)                              Size     First Load JS
┌ ● / (ISR: 60 Seconds)                    53.7 kB         219 kB
├   /_app                                  0 B             142 kB
├ ○ /404                                   180 B           142 kB
├ ○ /about                                 7.46 kB         166 kB
├ ○ /about/advantages                      6.02 kB         171 kB
├ ○ /about/location                        3.35 kB         162 kB
├ ○ /admin/articles                        7.13 kB         152 kB
├ ○ /admin/login                           3.69 kB         145 kB
├ ƒ /api/chat                              0 B             142 kB
├ ● /articles (ISR: 60 Seconds)            1.32 kB         160 kB
├ ● /articles/[id]                         2.89 kB         161 kB
├ ● /attorneys (ISR: 900 Seconds)          1.54 kB         160 kB
├ ● /cases (ISR: 60 Seconds)               1.54 kB         160 kB
├ ● /cases/[id]                            2.79 kB         161 kB
├ ● /cases/analysis (ISR: 60 Seconds)      1.39 kB         160 kB
├ ● /cases/insights (ISR: 60 Seconds)      1.37 kB         160 kB
├ ● /cases/knowledge (ISR: 60 Seconds)     1.37 kB         160 kB
├ ● /cases/reviews (ISR: 60 Seconds)       1.36 kB         160 kB
├ ○ /contact                               1.36 kB         160 kB
├ ○ /login                                 3.23 kB         161 kB
├ ● /practice/all (ISR: 3600 Seconds)      4.92 kB         163 kB
├ ƒ /practice/criminal                     2.13 kB         160 kB
├ ○ /search                                4.87 kB         166 kB
└ ƒ /sitemap.xml                           250 B           142 kB
+ First Load JS shared by all              158 kB
  ├ chunks/framework-d805e4be61624b3f.js   45.2 kB
  ├ chunks/main-c6c3ef767ac15ae7.js        36.8 kB
  ├ chunks/pages/_app-117370e957c31230.js  58 kB
  ├ css/6880da4a3bf356dc.css               16.1 kB
  └ other shared chunks (total)            1.75 kB

ƒ Middleware                               27 kB

○  (Static)   prerendered as static content
●  (SSG)      prerendered as static HTML (uses getStaticProps)
   (ISR)      incremental static regeneration (uses revalidate in getStaticProps)
ƒ  (Dynamic)  server-rendered on demand

Done in 10.03s.
